buildify_fundi_app-master/build/intermediates/manifest_merge_blame_file/debug/manifest-merger-blame-debug-report.txt
1<?xml version="1.0" encoding="utf-8"?>
2<manifest xmlns:android="http://schemas.android.com/apk/res/android"
3    package="com.qinsley.mbuildify"
4    android:versionCode="5"
5    android:versionName="1.1.4" >
6
7    <uses-sdk
8        android:minSdkVersion="21"
8-->src\main\AndroidManifest.xml
9        android:targetSdkVersion="28" />
9-->src\main\AndroidManifest.xml
10
11    <uses-permission android:name="android.permission.CALL_PHONE" />
11-->src\main\AndroidManifest.xml:6:5-69
11-->src\main\AndroidManifest.xml:6:22-66
12    <uses-permission android:name="android.permission.ACCESS_COARSE_LOCATION" />
12-->src\main\AndroidManifest.xml:7:5-81
12-->src\main\AndroidManifest.xml:7:22-78
13    <uses-permission android:name="android.permission.ACCESS_FINE_LOCATION" />
13-->src\main\AndroidManifest.xml:8:5-79
13-->src\main\AndroidManifest.xml:8:22-76
14    <uses-permission android:name="android.permission.WRITE_EXTERNAL_STORAGE" />
14-->src\main\AndroidManifest.xml:9:5-81
14-->src\main\AndroidManifest.xml:9:22-78
15    <uses-permission android:name="android.permission.READ_EXTERNAL_STORAGE" />
15-->src\main\AndroidManifest.xml:10:5-80
15-->src\main\AndroidManifest.xml:10:22-77
16    <uses-permission android:name="android.permission.INTERNET" /> <!-- Required to show current location -->
16-->src\main\AndroidManifest.xml:11:5-67
16-->src\main\AndroidManifest.xml:11:22-64
17    <uses-permission android:name="android.permission.ACCESS_NETWORK_STATE" />
17-->src\main\AndroidManifest.xml:12:5-79
17-->src\main\AndroidManifest.xml:12:22-76
18    <uses-permission android:name="android.permission.CAMERA" /> <!-- Permission to use camera - required -->
18-->src\main\AndroidManifest.xml:13:5-65
18-->src\main\AndroidManifest.xml:13:22-62
19    <!-- Camera features - recommended -->
20    <uses-permission android:name="android.permission.ACCESS_WIFI_STATE" />
20-->src\main\AndroidManifest.xml:15:5-76
20-->src\main\AndroidManifest.xml:15:22-73
21
22    <uses-feature
22-->src\main\AndroidManifest.xml:17:5-19:36
23        android:name="android.hardware.camera"
23-->src\main\AndroidManifest.xml:18:9-47
24        android:required="false" />
24-->src\main\AndroidManifest.xml:19:9-33
25    <uses-feature
25-->src\main\AndroidManifest.xml:20:5-22:36
26        android:name="android.hardware.camera.autofocus"
26-->src\main\AndroidManifest.xml:21:9-57
27        android:required="false" />
27-->src\main\AndroidManifest.xml:22:9-33
28    <uses-feature
28-->src\main\AndroidManifest.xml:23:5-25:36
29        android:name="android.hardware.camera.flash"
29-->src\main\AndroidManifest.xml:24:9-53
30        android:required="false" /> <!-- Supports Screens -->
30-->src\main\AndroidManifest.xml:25:9-33
31    <supports-screens
31-->src\main\AndroidManifest.xml:26:5-32:40
32        android:anyDensity="true"
32-->src\main\AndroidManifest.xml:27:9-34
33        android:largeScreens="true"
33-->src\main\AndroidManifest.xml:28:9-36
34        android:normalScreens="true"
34-->src\main\AndroidManifest.xml:29:9-37
35        android:resizeable="true"
35-->src\main\AndroidManifest.xml:30:9-34
36        android:smallScreens="true"
36-->src\main\AndroidManifest.xml:31:9-36
37        android:xlargeScreens="true" />
37-->src\main\AndroidManifest.xml:32:9-37
38
39    <uses-feature
39-->[com.google.android.gms:play-services-maps:17.0.0] AndroidManifest.xml:26:5-28:35
40        android:glEsVersion="0x00020000"
40-->[com.google.android.gms:play-services-maps:17.0.0] AndroidManifest.xml:27:9-41
41        android:required="true" />
41-->[com.google.android.gms:play-services-maps:17.0.0] AndroidManifest.xml:28:9-32
42
43    <uses-permission android:name="android.permission.WAKE_LOCK" /> <!-- Required by older versions of Google Play services to create IID tokens -->
43-->[com.google.android.gms:play-services-measurement-api:17.2.2] AndroidManifest.xml:24:5-68
43-->[com.google.android.gms:play-services-measurement-api:17.2.2] AndroidManifest.xml:24:22-65
44    <uses-permission android:name="com.google.android.c2dm.permission.RECEIVE" />
44-->[com.google.firebase:firebase-iid:20.0.2] AndroidManifest.xml:26:5-82
44-->[com.google.firebase:firebase-iid:20.0.2] AndroidManifest.xml:26:22-79
45    <uses-permission android:name="com.google.android.finsky.permission.BIND_GET_INSTALL_REFERRER_SERVICE" />
45-->[com.google.android.gms:play-services-measurement:17.2.2] AndroidManifest.xml:26:5-110
45-->[com.google.android.gms:play-services-measurement:17.2.2] AndroidManifest.xml:26:22-107
46
47    <application
47-->src\main\AndroidManifest.xml:34:5-156:19
48        android:allowBackup="false"
48-->src\main\AndroidManifest.xml:35:9-36
49        android:appComponentFactory="androidx.core.app.CoreComponentFactory"
49-->[androidx.core:core:1.1.0] AndroidManifest.xml:24:18-86
50        android:debuggable="true"
51        android:icon="@drawable/launcher_23"
51-->src\main\AndroidManifest.xml:36:9-45
52        android:label="@string/app_name"
52-->src\main\AndroidManifest.xml:37:9-41
53        android:roundIcon="@drawable/launcher_23"
53-->src\main\AndroidManifest.xml:38:9-50
54        android:supportsRtl="false"
54-->src\main\AndroidManifest.xml:39:9-36
55        android:theme="@style/AppTheme"
55-->src\main\AndroidManifest.xml:40:9-40
56        android:usesCleartextTraffic="true" >
56-->src\main\AndroidManifest.xml:41:9-44
57        <uses-library
57-->src\main\AndroidManifest.xml:43:9-45:40
58            android:name="org.apache.http.legacy"
58-->src\main\AndroidManifest.xml:44:13-50
59            android:required="false" />
59-->src\main\AndroidManifest.xml:45:13-37
60
61        <activity
61-->src\main\AndroidManifest.xml:47:9-50:72
62            android:name="com.qinsley.mbuildify.ui.activity.ViewInvoice"
62-->src\main\AndroidManifest.xml:48:13-73
63            android:screenOrientation="portrait"
63-->src\main\AndroidManifest.xml:49:13-49
64            android:windowSoftInputMode="stateAlwaysHidden" />
64-->src\main\AndroidManifest.xml:50:13-60
65        <activity
65-->src\main\AndroidManifest.xml:51:9-53:52
66            android:name="com.qinsley.mbuildify.ui.activity.Privacy"
66-->src\main\AndroidManifest.xml:52:13-69
67            android:screenOrientation="portrait" />
67-->src\main\AndroidManifest.xml:53:13-49
68        <activity
68-->src\main\AndroidManifest.xml:54:9-57:61
69            android:name="com.qinsley.mbuildify.ui.activity.UploadCertificates"
69-->src\main\AndroidManifest.xml:55:13-80
70            android:screenOrientation="portrait" />
70-->src\main\AndroidManifest.xml:57:13-49
71        <activity
71-->src\main\AndroidManifest.xml:58:9-60:52
72            android:name="com.qinsley.mbuildify.ui.activity.Terms"
72-->src\main\AndroidManifest.xml:59:13-67
73            android:screenOrientation="portrait" />
73-->src\main\AndroidManifest.xml:60:13-49
74        <activity
74-->src\main\AndroidManifest.xml:61:9-63:52
75            android:name="com.qinsley.mbuildify.ui.activity.EditPersnoalInfo"
75-->src\main\AndroidManifest.xml:62:13-78
76            android:screenOrientation="portrait" />
76-->src\main\AndroidManifest.xml:63:13-49
77
78        <provider
78-->src\main\AndroidManifest.xml:65:9-73:20
79            android:name="androidx.core.content.FileProvider"
79-->src\main\AndroidManifest.xml:66:13-62
80            android:authorities="com.qinsley.mbuildify.fileprovider"
80-->src\main\AndroidManifest.xml:67:13-69
81            android:exported="false"
81-->src\main\AndroidManifest.xml:68:13-37
82            android:grantUriPermissions="true" >
82-->src\main\AndroidManifest.xml:69:13-47
83            <meta-data
83-->src\main\AndroidManifest.xml:70:13-72:53
84                android:name="android.support.FILE_PROVIDER_PATHS"
84-->src\main\AndroidManifest.xml:71:17-67
85                android:resource="@xml/filepaths" />
85-->src\main\AndroidManifest.xml:72:17-50
86        </provider>
87
88        <meta-data
88-->src\main\AndroidManifest.xml:75:9-77:54
89            android:name="com.google.android.geo.API_KEY"
89-->src\main\AndroidManifest.xml:76:13-58
90            android:value="@string/places_api_key" />
90-->src\main\AndroidManifest.xml:77:13-51
91        <meta-data
91-->src\main\AndroidManifest.xml:78:9-80:54
92            android:name="com.google.firebase.messaging.default_notification_icon"
92-->src\main\AndroidManifest.xml:79:13-83
93            android:resource="@mipmap/ic_launcher" />
93-->src\main\AndroidManifest.xml:80:13-51
94        <meta-data
94-->src\main\AndroidManifest.xml:81:9-83:53
95            android:name="com.google.firebase.messaging.default_notification_color"
95-->src\main\AndroidManifest.xml:82:13-84
96            android:resource="@color/colorAccent" />
96-->src\main\AndroidManifest.xml:83:13-50
97        <meta-data
97-->src\main\AndroidManifest.xml:84:9-86:69
98            android:name="com.google.android.gms.version"
98-->src\main\AndroidManifest.xml:85:13-58
99            android:value="@integer/google_play_services_version" />
99-->src\main\AndroidManifest.xml:86:13-66
100
101        <activity android:name="com.qinsley.mbuildify.SplashActivity" >
101-->src\main\AndroidManifest.xml:88:9-94:20
101-->src\main\AndroidManifest.xml:88:19-70
102            <intent-filter>
102-->src\main\AndroidManifest.xml:89:13-93:29
103                <action android:name="android.intent.action.MAIN" />
103-->src\main\AndroidManifest.xml:90:17-69
103-->src\main\AndroidManifest.xml:90:25-66
104
105                <category android:name="android.intent.category.LAUNCHER" />
105-->src\main\AndroidManifest.xml:92:17-77
105-->src\main\AndroidManifest.xml:92:27-74
106            </intent-filter>
107        </activity>
108        <activity
108-->src\main\AndroidManifest.xml:95:9-98:63
109            android:name="com.qinsley.mbuildify.ui.activity.SignUpActivity"
109-->src\main\AndroidManifest.xml:96:13-76
110            android:screenOrientation="portrait"
110-->src\main\AndroidManifest.xml:97:13-49
111            android:windowSoftInputMode="stateAlwaysHidden" />
111-->src\main\AndroidManifest.xml:98:13-60
112        <activity
112-->src\main\AndroidManifest.xml:99:9-102:63
113            android:name="com.qinsley.mbuildify.ui.activity.AppIntro"
113-->src\main\AndroidManifest.xml:100:13-70
114            android:screenOrientation="portrait"
114-->src\main\AndroidManifest.xml:101:13-49
115            android:windowSoftInputMode="stateAlwaysHidden" />
115-->src\main\AndroidManifest.xml:102:13-60
116        <activity
116-->src\main\AndroidManifest.xml:103:9-106:63
117            android:name="com.qinsley.mbuildify.ui.activity.SignInActivity"
117-->src\main\AndroidManifest.xml:104:13-76
118            android:screenOrientation="portrait"
118-->src\main\AndroidManifest.xml:105:13-49
119            android:windowSoftInputMode="stateAlwaysHidden" />
119-->src\main\AndroidManifest.xml:106:13-60
120        <activity
120-->src\main\AndroidManifest.xml:107:9-110:63
121            android:name="com.qinsley.mbuildify.ui.activity.BaseActivity2"
121-->src\main\AndroidManifest.xml:108:13-75
122            android:screenOrientation="portrait"
122-->src\main\AndroidManifest.xml:109:13-49
123            android:windowSoftInputMode="stateAlwaysHidden" />
123-->src\main\AndroidManifest.xml:110:13-60
124        <activity
124-->src\main\AndroidManifest.xml:111:9-114:63
125            android:name="com.qinsley.mbuildify.utils.MainFragment"
125-->src\main\AndroidManifest.xml:112:13-68
126            android:screenOrientation="portrait"
126-->src\main\AndroidManifest.xml:113:13-49
127            android:windowSoftInputMode="stateAlwaysHidden" />
127-->src\main\AndroidManifest.xml:114:13-60
128        <activity
128-->src\main\AndroidManifest.xml:115:9-118:63
129            android:name="com.qinsley.mbuildify.ui.activity.OneTwoOneChat"
129-->src\main\AndroidManifest.xml:116:13-75
130            android:screenOrientation="portrait"
130-->src\main\AndroidManifest.xml:117:13-49
131            android:windowSoftInputMode="stateAlwaysHidden" />
131-->src\main\AndroidManifest.xml:118:13-60
132        <activity
132-->src\main\AndroidManifest.xml:119:9-122:63
133            android:name="com.qinsley.mbuildify.ui.activity.CommentOneByOne"
133-->src\main\AndroidManifest.xml:120:13-77
134            android:screenOrientation="portrait"
134-->src\main\AndroidManifest.xml:121:13-49
135            android:windowSoftInputMode="stateAlwaysHidden" />
135-->src\main\AndroidManifest.xml:122:13-60
136        <activity
136-->src\main\AndroidManifest.xml:123:9-126:63
137            android:name="com.qinsley.mbuildify.ui.activity.ForgotPass"
137-->src\main\AndroidManifest.xml:124:13-72
138            android:screenOrientation="portrait"
138-->src\main\AndroidManifest.xml:125:13-49
139            android:windowSoftInputMode="stateAlwaysHidden" />
139-->src\main\AndroidManifest.xml:126:13-60
140        <activity
140-->src\main\AndroidManifest.xml:127:9-129:52
141            android:name="com.qinsley.mbuildify.ui.activity.AddMoney"
141-->src\main\AndroidManifest.xml:128:13-70
142            android:screenOrientation="portrait" />
142-->src\main\AndroidManifest.xml:129:13-49
143        <activity
143-->src\main\AndroidManifest.xml:130:9-132:52
144            android:name="com.qinsley.mbuildify.ui.activity.PaymetWeb"
144-->src\main\AndroidManifest.xml:131:13-71
145            android:screenOrientation="portrait" />
145-->src\main\AndroidManifest.xml:132:13-49
146        <activity
146-->src\main\AndroidManifest.xml:133:9-149:20
147            android:name="com.schibstedspain.leku.LocationPickerActivity"
147-->src\main\AndroidManifest.xml:134:13-74
148            android:label="@string/leku_title_activity_location_picker"
148-->src\main\AndroidManifest.xml:135:13-72
149            android:parentActivityName="com.qinsley.mbuildify.ui.activity.BaseActivity2"
149-->src\main\AndroidManifest.xml:136:13-89
150            android:theme="@style/AppTheme.Map"
150-->src\main\AndroidManifest.xml:137:13-48
151            android:windowSoftInputMode="adjustPan" >
151-->src\main\AndroidManifest.xml:138:13-52
152            <intent-filter>
152-->src\main\AndroidManifest.xml:139:13-141:29
153                <action android:name="android.intent.action.SEARCH" />
153-->src\main\AndroidManifest.xml:140:17-71
153-->src\main\AndroidManifest.xml:140:25-68
154            </intent-filter>
155
156            <meta-data
156-->src\main\AndroidManifest.xml:143:13-145:59
157                android:name="android.app.searchable"
157-->src\main\AndroidManifest.xml:144:17-54
158                android:resource="@xml/leku_searchable" />
158-->src\main\AndroidManifest.xml:145:17-56
159            <meta-data
159-->src\main\AndroidManifest.xml:146:13-148:83
160                android:name="android.support.PARENT_ACTIVITY"
160-->src\main\AndroidManifest.xml:147:17-63
161                android:value="com.qinsley.mbuildify.ui.activity.BaseActivity2" />
161-->src\main\AndroidManifest.xml:148:17-80
162        </activity> <!-- [START firebase_service] -->
163        <service android:name="com.qinsley.mbuildify.MyFirebaseMessagingService" >
163-->src\main\AndroidManifest.xml:150:9-154:19
163-->src\main\AndroidManifest.xml:150:18-81
164            <intent-filter>
164-->src\main\AndroidManifest.xml:151:13-153:29
165                <action android:name="com.google.firebase.MESSAGING_EVENT" />
165-->src\main\AndroidManifest.xml:152:17-78
165-->src\main\AndroidManifest.xml:152:25-75
166            </intent-filter>
167        </service> <!-- [END firebase_service] -->
168        <!-- [START firebase_iid_service] -->
169        <!-- Autocomplete -->
170        <activity
170-->[com.google.android.libraries.places:places-compat:1.0.0] AndroidManifest.xml:16:9-23:20
171            android:name="com.google.android.libraries.places.widget.AutocompleteActivity"
171-->[com.google.android.libraries.places:places-compat:1.0.0] AndroidManifest.xml:17:13-91
172            android:exported="false"
172-->[com.google.android.libraries.places:places-compat:1.0.0] AndroidManifest.xml:18:13-37
173            android:hardwareAccelerated="true"
173-->[com.google.android.libraries.places:places-compat:1.0.0] AndroidManifest.xml:19:13-47
174            android:label="@string/places_autocomplete_label"
174-->[com.google.android.libraries.places:places-compat:1.0.0] AndroidManifest.xml:20:13-62
175            android:theme="@style/PlacesAutocompleteThemeOverlay"
175-->[com.google.android.libraries.places:places-compat:1.0.0] AndroidManifest.xml:21:13-66
176            android:windowSoftInputMode="stateAlwaysVisible|adjustPan" >
176-->[com.google.android.libraries.places:places-compat:1.0.0] AndroidManifest.xml:22:13-71
177        </activity>
178
179        <service
179-->[com.google.firebase:firebase-firestore:21.4.1] AndroidManifest.xml:17:9-23:19
180            android:name="com.google.firebase.components.ComponentDiscoveryService"
180-->[com.google.firebase:firebase-firestore:21.4.1] AndroidManifest.xml:18:13-84
181            android:directBootAware="true"
181-->[com.google.firebase:firebase-common:19.3.0] AndroidManifest.xml:34:13-43
182            android:exported="false" >
182-->[com.google.firebase:firebase-firestore:21.4.1] AndroidManifest.xml:19:13-37
183            <meta-data
183-->[com.google.firebase:firebase-firestore:21.4.1] AndroidManifest.xml:20:13-22:85
184                android:name="com.google.firebase.components:com.google.firebase.firestore.FirestoreRegistrar"
184-->[com.google.firebase:firebase-firestore:21.4.1] AndroidManifest.xml:21:17-111
185                android:value="com.google.firebase.components.ComponentRegistrar" />
185-->[com.google.firebase:firebase-firestore:21.4.1] AndroidManifest.xml:22:17-82
186            <meta-data
186-->[com.google.firebase:firebase-messaging:20.1.0] AndroidManifest.xml:38:13-40:85
187                android:name="com.google.firebase.components:com.google.firebase.messaging.FirebaseMessagingRegistrar"
187-->[com.google.firebase:firebase-messaging:20.1.0] AndroidManifest.xml:39:17-119
188                android:value="com.google.firebase.components.ComponentRegistrar" />
188-->[com.google.firebase:firebase-messaging:20.1.0] AndroidManifest.xml:40:17-82
189            <meta-data
189-->[com.google.firebase:firebase-storage:19.1.1] AndroidManifest.xml:33:13-35:85
190                android:name="com.google.firebase.components:com.google.firebase.storage.StorageRegistrar"
190-->[com.google.firebase:firebase-storage:19.1.1] AndroidManifest.xml:34:17-107
191                android:value="com.google.firebase.components.ComponentRegistrar" />
191-->[com.google.firebase:firebase-storage:19.1.1] AndroidManifest.xml:35:17-82
192            <meta-data
192-->[com.google.firebase:firebase-auth:19.3.0] AndroidManifest.xml:36:13-38:85
193                android:name="com.google.firebase.components:com.google.firebase.auth.FirebaseAuthRegistrar"
193-->[com.google.firebase:firebase-auth:19.3.0] AndroidManifest.xml:37:17-109
194                android:value="com.google.firebase.components.ComponentRegistrar" />
194-->[com.google.firebase:firebase-auth:19.3.0] AndroidManifest.xml:38:17-82
195            <meta-data
195-->[com.google.firebase:firebase-database:19.2.1] AndroidManifest.xml:32:13-34:85
196                android:name="com.google.firebase.components:com.google.firebase.database.DatabaseRegistrar"
196-->[com.google.firebase:firebase-database:19.2.1] AndroidManifest.xml:33:17-109
197                android:value="com.google.firebase.components.ComponentRegistrar" />
197-->[com.google.firebase:firebase-database:19.2.1] AndroidManifest.xml:34:17-82
198            <meta-data
198-->[com.google.android.gms:play-services-measurement-api:17.2.2] AndroidManifest.xml:30:13-32:85
199                android:name="com.google.firebase.components:com.google.firebase.analytics.connector.internal.AnalyticsConnectorRegistrar"
199-->[com.google.android.gms:play-services-measurement-api:17.2.2] AndroidManifest.xml:31:17-139
200                android:value="com.google.firebase.components.ComponentRegistrar" />
200-->[com.google.android.gms:play-services-measurement-api:17.2.2] AndroidManifest.xml:32:17-82
201            <meta-data
201-->[com.google.firebase:firebase-iid:20.0.2] AndroidManifest.xml:32:13-34:85
202                android:name="com.google.firebase.components:com.google.firebase.iid.Registrar"
202-->[com.google.firebase:firebase-iid:20.0.2] AndroidManifest.xml:33:17-96
203                android:value="com.google.firebase.components.ComponentRegistrar" />
203-->[com.google.firebase:firebase-iid:20.0.2] AndroidManifest.xml:34:17-82
204            <meta-data
204-->[com.google.firebase:firebase-datatransport:17.0.3] AndroidManifest.xml:28:13-30:85
205                android:name="com.google.firebase.components:com.google.firebase.datatransport.TransportRegistrar"
205-->[com.google.firebase:firebase-datatransport:17.0.3] AndroidManifest.xml:29:17-115
206                android:value="com.google.firebase.components.ComponentRegistrar" />
206-->[com.google.firebase:firebase-datatransport:17.0.3] AndroidManifest.xml:30:17-82
207        </service>
208        <!--
209             FirebaseMessagingService performs security checks at runtime,
210             but set to not exported to explicitly avoid allowing another app to call it.
211        -->
212        <service
212-->[com.google.firebase:firebase-messaging:20.1.0] AndroidManifest.xml:28:9-34:19
213            android:name="com.google.firebase.messaging.FirebaseMessagingService"
213-->[com.google.firebase:firebase-messaging:20.1.0] AndroidManifest.xml:29:13-82
214            android:exported="false" >
214-->[com.google.firebase:firebase-messaging:20.1.0] AndroidManifest.xml:30:13-37
215            <intent-filter android:priority="-500" >
215-->src\main\AndroidManifest.xml:151:13-153:29
216                <action android:name="com.google.firebase.MESSAGING_EVENT" />
216-->src\main\AndroidManifest.xml:152:17-78
216-->src\main\AndroidManifest.xml:152:25-75
217            </intent-filter>
218        </service>
219
220        <activity
220-->[com.google.firebase:firebase-auth:19.3.0] AndroidManifest.xml:24:9-31:50
221            android:name="com.google.firebase.auth.internal.FederatedSignInActivity"
221-->[com.google.firebase:firebase-auth:19.3.0] AndroidManifest.xml:25:13-85
222            android:excludeFromRecents="true"
222-->[com.google.firebase:firebase-auth:19.3.0] AndroidManifest.xml:26:13-46
223            android:exported="true"
223-->[com.google.firebase:firebase-auth:19.3.0] AndroidManifest.xml:27:13-36
224            android:launchMode="singleTask"
224-->[com.google.firebase:firebase-auth:19.3.0] AndroidManifest.xml:28:13-44
225            android:permission="com.google.firebase.auth.api.gms.permission.LAUNCH_FEDERATED_SIGN_IN"
225-->[com.google.firebase:firebase-auth:19.3.0] AndroidManifest.xml:29:13-102
226            android:theme="@android:style/Theme.Translucent.NoTitleBar" />
226-->[com.google.firebase:firebase-auth:19.3.0] AndroidManifest.xml:30:13-72
227
228        <receiver
228-->[com.google.firebase:firebase-iid:20.0.2] AndroidManifest.xml:37:9-44:20
229            android:name="com.google.firebase.iid.FirebaseInstanceIdReceiver"
229-->[com.google.firebase:firebase-iid:20.0.2] AndroidManifest.xml:38:13-78
230            android:exported="true"
230-->[com.google.firebase:firebase-iid:20.0.2] AndroidManifest.xml:39:13-36
231            android:permission="com.google.android.c2dm.permission.SEND" >
231-->[com.google.firebase:firebase-iid:20.0.2] AndroidManifest.xml:40:13-73
232            <intent-filter>
232-->[com.google.firebase:firebase-iid:20.0.2] AndroidManifest.xml:41:13-43:29
233                <action android:name="com.google.android.c2dm.intent.RECEIVE" />
233-->[com.google.firebase:firebase-iid:20.0.2] AndroidManifest.xml:42:17-81
233-->[com.google.firebase:firebase-iid:20.0.2] AndroidManifest.xml:42:25-78
234            </intent-filter>
235        </receiver>
236        <receiver
236-->[com.google.android.gms:play-services-measurement:17.2.2] AndroidManifest.xml:29:9-33:20
237            android:name="com.google.android.gms.measurement.AppMeasurementReceiver"
237-->[com.google.android.gms:play-services-measurement:17.2.2] AndroidManifest.xml:30:13-85
238            android:enabled="true"
238-->[com.google.android.gms:play-services-measurement:17.2.2] AndroidManifest.xml:31:13-35
239            android:exported="false" >
239-->[com.google.android.gms:play-services-measurement:17.2.2] AndroidManifest.xml:32:13-37
240        </receiver>
241        <receiver
241-->[com.google.android.gms:play-services-measurement:17.2.2] AndroidManifest.xml:34:9-42:20
242            android:name="com.google.android.gms.measurement.AppMeasurementInstallReferrerReceiver"
242-->[com.google.android.gms:play-services-measurement:17.2.2] AndroidManifest.xml:35:13-100
243            android:enabled="true"
243-->[com.google.android.gms:play-services-measurement:17.2.2] AndroidManifest.xml:36:13-35
244            android:exported="true"
244-->[com.google.android.gms:play-services-measurement:17.2.2] AndroidManifest.xml:37:13-36
245            android:permission="android.permission.INSTALL_PACKAGES" >
245-->[com.google.android.gms:play-services-measurement:17.2.2] AndroidManifest.xml:38:13-69
246            <intent-filter>
246-->[com.google.android.gms:play-services-measurement:17.2.2] AndroidManifest.xml:39:13-41:29
247                <action android:name="com.android.vending.INSTALL_REFERRER" />
247-->[com.google.android.gms:play-services-measurement:17.2.2] AndroidManifest.xml:40:17-79
247-->[com.google.android.gms:play-services-measurement:17.2.2] AndroidManifest.xml:40:25-76
248            </intent-filter>
249        </receiver>
250
251        <service
251-->[com.google.android.gms:play-services-measurement:17.2.2] AndroidManifest.xml:44:9-47:40
252            android:name="com.google.android.gms.measurement.AppMeasurementService"
252-->[com.google.android.gms:play-services-measurement:17.2.2] AndroidManifest.xml:45:13-84
253            android:enabled="true"
253-->[com.google.android.gms:play-services-measurement:17.2.2] AndroidManifest.xml:46:13-35
254            android:exported="false" />
254-->[com.google.android.gms:play-services-measurement:17.2.2] AndroidManifest.xml:47:13-37
255        <service
255-->[com.google.android.gms:play-services-measurement:17.2.2] AndroidManifest.xml:48:9-52:72
256            android:name="com.google.android.gms.measurement.AppMeasurementJobService"
256-->[com.google.android.gms:play-services-measurement:17.2.2] AndroidManifest.xml:49:13-87
257            android:enabled="true"
257-->[com.google.android.gms:play-services-measurement:17.2.2] AndroidManifest.xml:50:13-35
258            android:exported="false"
258-->[com.google.android.gms:play-services-measurement:17.2.2] AndroidManifest.xml:51:13-37
259            android:permission="android.permission.BIND_JOB_SERVICE" />
259-->[com.google.android.gms:play-services-measurement:17.2.2] AndroidManifest.xml:52:13-69
260
261        <provider
261-->[com.google.firebase:firebase-common:19.3.0] AndroidManifest.xml:26:9-30:39
262            android:name="com.google.firebase.provider.FirebaseInitProvider"
262-->[com.google.firebase:firebase-common:19.3.0] AndroidManifest.xml:27:13-77
263            android:authorities="com.qinsley.mbuildify.firebaseinitprovider"
263-->[com.google.firebase:firebase-common:19.3.0] AndroidManifest.xml:28:13-72
264            android:exported="false"
264-->[com.google.firebase:firebase-common:19.3.0] AndroidManifest.xml:29:13-37
265            android:initOrder="100" />
265-->[com.google.firebase:firebase-common:19.3.0] AndroidManifest.xml:30:13-36
266
267        <activity
267-->[com.google.android.gms:play-services-base:17.1.0] AndroidManifest.xml:23:9-26:75
268            android:name="com.google.android.gms.common.api.GoogleApiActivity"
268-->[com.google.android.gms:play-services-base:17.1.0] AndroidManifest.xml:24:13-79
269            android:exported="false"
269-->[com.google.android.gms:play-services-base:17.1.0] AndroidManifest.xml:25:13-37
270            android:theme="@android:style/Theme.Translucent.NoTitleBar" />
270-->[com.google.android.gms:play-services-base:17.1.0] AndroidManifest.xml:26:13-72
271
272        <service
272-->[com.google.android.datatransport:transport-backend-cct:2.2.0] AndroidManifest.xml:29:9-35:19
273            android:name="com.google.android.datatransport.runtime.backends.TransportBackendDiscovery"
273-->[com.google.android.datatransport:transport-backend-cct:2.2.0] AndroidManifest.xml:30:13-103
274            android:exported="false" >
274-->[com.google.android.datatransport:transport-backend-cct:2.2.0] AndroidManifest.xml:31:13-37
275            <meta-data
275-->[com.google.android.datatransport:transport-backend-cct:2.2.0] AndroidManifest.xml:32:13-34:39
276                android:name="backend:com.google.android.datatransport.cct.CctBackendFactory"
276-->[com.google.android.datatransport:transport-backend-cct:2.2.0] AndroidManifest.xml:33:17-94
277                android:value="cct" />
277-->[com.google.android.datatransport:transport-backend-cct:2.2.0] AndroidManifest.xml:34:17-36
278        </service>
279        <service
279-->[com.google.android.datatransport:transport-runtime:2.2.0] AndroidManifest.xml:26:9-30:19
280            android:name="com.google.android.datatransport.runtime.scheduling.jobscheduling.JobInfoSchedulerService"
280-->[com.google.android.datatransport:transport-runtime:2.2.0] AndroidManifest.xml:27:13-117
281            android:exported="false"
281-->[com.google.android.datatransport:transport-runtime:2.2.0] AndroidManifest.xml:28:13-37
282            android:permission="android.permission.BIND_JOB_SERVICE" >
282-->[com.google.android.datatransport:transport-runtime:2.2.0] AndroidManifest.xml:29:13-69
283        </service>
284
285        <receiver
285-->[com.google.android.datatransport:transport-runtime:2.2.0] AndroidManifest.xml:32:9-34:40